0 info it worked if it ends with ok
1 verbose cli [ 'node', '/usr/local/bin/npm', 'uninstall', '-g', 'grunt' ]
2 info using npm@1.4.28
3 info using node@v0.10.35
4 verbose lib/node_modules/grunt unbuild
5 info preuninstall grunt@0.4.5
6 info uninstall grunt@0.4.5
7 verbose true,/usr/local/lib/node_modules,/usr/local/lib/node_modules unbuild grunt@0.4.5
8 info postuninstall grunt@0.4.5
9 error Error: EACCES, unlink '/usr/local/lib/node_modules/grunt'
9 error  { [Error: EACCES, unlink '/usr/local/lib/node_modules/grunt']
9 error   errno: 3,
9 error   code: 'EACCES',
9 error   path: '/usr/local/lib/node_modules/grunt' }
10 error Please try running this command again as root/Administrator.
11 error System Darwin 12.4.0
12 error command "node" "/usr/local/bin/npm" "uninstall" "-g" "grunt"
13 error cwd /Users/Test/Desktop/angulr
14 error node -v v0.10.35
15 error npm -v 1.4.28
16 error path /usr/local/lib/node_modules/grunt
17 error code EACCES
18 error errno 3
19 error stack Error: EACCES, unlink '/usr/local/lib/node_modules/grunt'
20 verbose exit [ 3, true ]
